-------------------------------------------------------------------------------
Test set: ax.ha.tdd.chess.engine.RookTest
-------------------------------------------------------------------------------
Tests run: 11, Failures: 1, Errors: 0, Skipped: 0, Time elapsed: 0.001 s <<< FAILURE! - in ax.ha.tdd.chess.engine.RookTest
rook_blocked_FALSE  Time elapsed: 0 s  <<< FAILURE!
org.opentest4j.AssertionFailedError: expected: <false> but was: <true>
	at ax.ha.tdd.chess.engine.RookTest.rook_blocked_FALSE(RookTest.java:63)

