-------------------------------------------------------------------------------
Test set: ax.ha.tdd.chess.engine.PawnTest
-------------------------------------------------------------------------------
Tests run: 9, Failures: 1, Errors: 0, Skipped: 0, Time elapsed: 0.706 s <<< FAILURE! - in ax.ha.tdd.chess.engine.PawnTest
pawn_eat_pawn  Time elapsed: 0.703 s  <<< FAILURE!
org.opentest4j.AssertionFailedError: expected: <true> but was: <false>
	at ax.ha.tdd.chess.engine.PawnTest.pawn_eat_pawn(PawnTest.java:56)

